<?xml version="1.0" encoding="UTF-8"?>
<testng-results ignored="0" total="3" passed="3" failed="0" skipped="0">
  <reporter-output>
  </reporter-output>
  <suite started-at="2024-03-27T15:18:06 IST" name="Suite" finished-at="2024-03-27T15:20:22 IST" duration-ms="135450">
    <groups>
    </groups>
    <test started-at="2024-03-27T15:18:06 IST" name="Test" finished-at="2024-03-27T15:20:22 IST" duration-ms="135450">
      <class name="pkg.EdgeTest">
        <test-method signature="test()[pri:0, instance:pkg.EdgeTest@313ac989]" started-at="2024-03-27T15:19:06 IST" name="test" finished-at="2024-03-27T15:19:35 IST" duration-ms="28558" status="PASS">
          <reporter-output>
          </reporter-output>
        </test-method> <!-- test -->
      </class> <!-- pkg.EdgeTest -->
      <class name="pkg.SetupAndTearDown">
        <test-method is-config="true" signature="start()[pri:0, instance:pkg.SetupAndTearDown@2f9f7dcf]" started-at="2024-03-27T15:18:06 IST" name="start" finished-at="2024-03-27T15:19:06 IST" duration-ms="60046" status="PASS">
          <reporter-output>
          </reporter-output>
        </test-method> <!-- start -->
        <test-method is-config="true" signature="stop()[pri:0, instance:pkg.SetupAndTearDown@2f9f7dcf]" started-at="2024-03-27T15:19:51 IST" name="stop" finished-at="2024-03-27T15:20:22 IST" duration-ms="30058" status="PASS">
          <reporter-output>
          </reporter-output>
        </test-method> <!-- stop -->
      </class> <!-- pkg.SetupAndTearDown -->
      <class name="pkg.ChromeTest">
        <test-method signature="test()[pri:0, instance:pkg.ChromeTest@3023df74]" started-at="2024-03-27T15:19:06 IST" name="test" finished-at="2024-03-27T15:19:44 IST" duration-ms="38074" status="PASS">
          <reporter-output>
          </reporter-output>
        </test-method> <!-- test -->
      </class> <!-- pkg.ChromeTest -->
      <class name="pkg.FirefoxTest">
        <test-method signature="test()[pri:0, instance:pkg.FirefoxTest@4562e04d]" started-at="2024-03-27T15:19:06 IST" name="test" finished-at="2024-03-27T15:19:51 IST" duration-ms="45259" status="PASS">
          <reporter-output>
          </reporter-output>
        </test-method> <!-- test -->
      </class> <!-- pkg.FirefoxTest -->
    </test> <!-- Test -->
  </suite> <!-- Suite -->
</testng-results>
